0.087407,/localhome/gue/devel/ord/monos/test/rpg-mono/pointset-49-out.obj
0.196616,/localhome/gue/devel/ord/monos/test/rpg-mono/pointset-95-out.obj
0.41976,/localhome/gue/devel/ord/monos/test/rpg-mono/pointset-9-out.obj
0.512787,/localhome/gue/devel/ord/monos/test/rpg-mono/pointset-182-out.obj
1.22929,/localhome/gue/devel/ord/monos/test/rpg-mono/pointset-193-out.obj
1.36805,/localhome/gue/devel/ord/monos/test/rpg-mono/pointset-94-out.obj
0.045039,/localhome/gue/devel/ord/monos/test/rpg-mono/pointset-166-out.obj
0.492023,/localhome/gue/devel/ord/monos/test/rpg-mono/pointset-181-out.obj
0.618769,/localhome/gue/devel/ord/monos/test/rpg-mono/pointset-185-out.obj
0.914434,/localhome/gue/devel/ord/monos/test/rpg-mono/pointset-186-out.obj
1.16803,/localhome/gue/devel/ord/monos/test/rpg-mono/pointset-190-out.obj
1.14556,/localhome/gue/devel/ord/monos/test/rpg-mono/pointset-191-out.obj
0.20924,/localhome/gue/devel/ord/monos/test/rpg-mono/pointset-51-out.obj
1.08229,/localhome/gue/devel/ord/monos/test/rpg-mono/pointset-13-out.obj
0.958747,/localhome/gue/devel/ord/monos/test/rpg-mono/pointset-188-out.obj
0.998145,/localhome/gue/devel/ord/monos/test/rpg-mono/pointset-131-out.obj
1.28807,/localhome/gue/devel/ord/monos/test/rpg-mono/pointset-192-out.obj
8.95302,/localhome/gue/devel/ord/monos/test/rpg-mono/pointset-174-out.obj
0.229429,/localhome/gue/devel/ord/monos/test/rpg-mono/pointset-5-out.obj
0.373047,/localhome/gue/devel/ord/monos/test/rpg-mono/pointset-180-out.obj
0.475129,/localhome/gue/devel/ord/monos/test/rpg-mono/pointset-99-out.obj
1.52926,/localhome/gue/devel/ord/monos/test/rpg-mono/pointset-133-out.obj
0.133765,/localhome/gue/devel/ord/monos/test/rpg-mono/pointset-50-out.obj
0.243842,/localhome/gue/devel/ord/monos/test/rpg-mono/pointset-173-out.obj
0.371231,/localhome/gue/devel/ord/monos/test/rpg-mono/pointset-53-out.obj
0.734848,/localhome/gue/devel/ord/monos/test/rpg-mono/pointset-10-out.obj
0.709789,/localhome/gue/devel/ord/monos/test/rpg-mono/pointset-101-out.obj
0.743857,/localhome/gue/devel/ord/monos/test/rpg-mono/pointset-129-out.obj
0.048914,/localhome/gue/devel/ord/monos/test/rpg-mono/pointset-92-out.obj
0.330676,/localhome/gue/devel/ord/monos/test/rpg-mono/pointset-125-out.obj
0.30164,/localhome/gue/devel/ord/monos/test/rpg-mono/pointset-98-out.obj
0.559522,/localhome/gue/devel/ord/monos/test/rpg-mono/pointset-56-out.obj
